----------------------------------------------------------------
Fri Sep 30 10:52:49 CEST 2016:
Booting Derby version The Apache Software Foundation - Apache Derby - 10.12.1.1 - (1704137): instance a816c00e-0157-7a4b-c7ff-000009fad3a0 
on database directory memory:C:\Shape\workspaces\eclipse-4.6\hibernate\test with class loader sun.misc.Launcher$AppClassLoader@6bc7c054 
Loaded from file:/C:/Users/Michele/.m2/repository/org/apache/derby/derby/10.12.1.1/derby-10.12.1.1.jar
java.vendor=Oracle Corporation
java.runtime.version=1.8.0_91-b15
user.dir=C:\Shape\workspaces\eclipse-4.6\hibernate
os.name=Windows 10
os.arch=amd64
os.version=10.0
derby.system.home=null
Database Class Loader started - derby.database.classpath=''
----------------------------------------------------------------
Fri Sep 30 10:52:51 CEST 2016:
Shutting down instance a816c00e-0157-7a4b-c7ff-000009fad3a0 on database directory memory:C:\Shape\workspaces\eclipse-4.6\hibernate\test with class loader sun.misc.Launcher$AppClassLoader@6bc7c054 
----------------------------------------------------------------
Fri Sep 30 10:52:51 CEST 2016:
Booting Derby version The Apache Software Foundation - Apache Derby - 10.12.1.1 - (1704137): instance 522b00e8-0157-7a4b-c7ff-000009fad3a0 
on database directory memory:C:\Shape\workspaces\eclipse-4.6\hibernate\test with class loader sun.misc.Launcher$AppClassLoader@6bc7c054 
Loaded from file:/C:/Users/Michele/.m2/repository/org/apache/derby/derby/10.12.1.1/derby-10.12.1.1.jar
java.vendor=Oracle Corporation
java.runtime.version=1.8.0_91-b15
user.dir=C:\Shape\workspaces\eclipse-4.6\hibernate
os.name=Windows 10
os.arch=amd64
os.version=10.0
derby.system.home=null
Database Class Loader started - derby.database.classpath=''
----------------------------------------------------------------
Fri Sep 30 10:52:52 CEST 2016:
Shutting down instance 522b00e8-0157-7a4b-c7ff-000009fad3a0 on database directory memory:C:\Shape\workspaces\eclipse-4.6\hibernate\test with class loader sun.misc.Launcher$AppClassLoader@6bc7c054 
